android/build/intermediates/manifest_merge_blame_file/release/manifest-merger-blame-release-report.txt
1<?xml version="1.0" encoding="utf-8"?>
2<manifest xmlns:android="http://schemas.android.com/apk/res/android"
3    package="com.multlab.contactpicker" >
4
5    <uses-sdk android:minSdkVersion="21" />
6
7    <uses-permission android:name="android.permission.READ_CONTACTS" />
7-->src/main/AndroidManifest.xml:5:5-72
7-->src/main/AndroidManifest.xml:5:22-69
8
9    <application>
9-->src/main/AndroidManifest.xml:7:5-11:19
10        <meta-data
10-->src/main/AndroidManifest.xml:8:9-10:71
11            android:name="org.godotengine.plugin.v2.ContactPicker"
11-->src/main/AndroidManifest.xml:9:13-67
12            android:value="com.multlab.contactpicker.ContactPicker" />
12-->src/main/AndroidManifest.xml:10:13-68
13    </application>
14
15</manifest>